

*******************************************************************************
Sat Feb 28 21:14:02 2015


FIT:    data read from "./PVminusNKTvsN" using 3:4
        format = x:z
        #datapoints = 48
        residuals are weighted equally (unit weight)

function used for fitting: f(x)
fitted parameters initialized with current variable values



 Iteration 0
 WSSR        : 3.5989e+36        delta(WSSR)/WSSR   : 0
 delta(WSSR) : 0                 limit for stopping : 1e-05
 lambda	  : 1.29121e+17

initial set of free parameter values

m               = 1
c               = 1

After 3 iterations the fit converged.
final sum of squares of residuals : 2.18471e+30
rel. change during last iteration : -1.89933e-06

degrees of freedom    (FIT_NDF)                        : 46
rms of residuals      (FIT_STDFIT) = sqrt(WSSR/ndf)    : 2.1793e+14
variance of residuals (reduced chisquare) = WSSR/ndf   : 4.74937e+28

Final set of parameters            Asymptotic Standard Error
=======================            ==========================

m               = 2.49952          +/- 0.0001723    (0.006892%)
c               = 1                +/- 4.87e+13     (4.87e+15%)


correlation matrix of the fit parameters:

               m      c      
m               1.000 
c              -0.000  1.000 


*******************************************************************************
Sat Feb 28 21:53:56 2015


FIT:    data read from "./PVminusNKTvsN" using ($3*10):4
        format = x:z
        #datapoints = 48
        residuals are weighted equally (unit weight)

function used for fitting: f(x)
fitted parameters initialized with current variable values



 Iteration 0
 WSSR        : 8.09959e+38       delta(WSSR)/WSSR   : 0
 delta(WSSR) : 0                 limit for stopping : 1e-05
 lambda	  : 1.29121e+18

initial set of free parameter values

m               = 2.49952
c               = 1

After 4 iterations the fit converged.
final sum of squares of residuals : 2.18471e+30
rel. change during last iteration : 0

degrees of freedom    (FIT_NDF)                        : 46
rms of residuals      (FIT_STDFIT) = sqrt(WSSR/ndf)    : 2.1793e+14
variance of residuals (reduced chisquare) = WSSR/ndf   : 4.74937e+28

Final set of parameters            Asymptotic Standard Error
=======================            ==========================

m               = 0.249952         +/- 1.723e-05    (0.006892%)
c               = 1                +/- 4.87e+13     (4.87e+15%)


correlation matrix of the fit parameters:

               m      c      
m               1.000 
c              -0.000  1.000 


*******************************************************************************
Sat Feb 28 21:58:30 2015


FIT:    data read from "./PVminusNKTvsN" using ($3*10):4
        format = x:z
        #datapoints = 48
        residuals are weighted equally (unit weight)

function used for fitting: f(x)
fitted parameters initialized with current variable values



 Iteration 0
 WSSR        : 7.30006e+09       delta(WSSR)/WSSR   : 0
 delta(WSSR) : 0                 limit for stopping : 1e-05
 lambda	  : 7.71546e+07

initial set of free parameter values

m               = 0.249952
c               = 1

After 1 iterations the fit converged.
final sum of squares of residuals : 7.30005e+09
rel. change during last iteration : -4.2238e-07

degrees of freedom    (FIT_NDF)                        : 46
rms of residuals      (FIT_STDFIT) = sqrt(WSSR/ndf)    : 12597.5
variance of residuals (reduced chisquare) = WSSR/ndf   : 1.58697e+08

Final set of parameters            Asymptotic Standard Error
=======================            ==========================

m               = 0.249952         +/- 1.803e-05    (0.007213%)
c               = 1                +/- 1967         (1.967e+05%)


correlation matrix of the fit parameters:

               m      c      
m               1.000 
c              -0.382  1.000 
