

*******************************************************************************
Sun Mar 22 13:14:03 2015


FIT:    data read from "./PVminusNKTvsN" u 5:6
        format = x:z
        #datapoints = 50
        residuals are weighted equally (unit weight)

function used for fitting: f(x)
fitted parameters initialized with current variable values



 Iteration 0
 WSSR        : 9.72894e+19       delta(WSSR)/WSSR   : 0
 delta(WSSR) : 0                 limit for stopping : 1e-05
 lambda	  : 5.90863e+06

initial set of free parameter values

m               = 1
c               = 1

After 3 iterations the fit converged.
final sum of squares of residuals : 1.19602e+16
rel. change during last iteration : -7.99768e-09

degrees of freedom    (FIT_NDF)                        : 48
rms of residuals      (FIT_STDFIT) = sqrt(WSSR/ndf)    : 1.57851e+07
variance of residuals (reduced chisquare) = WSSR/ndf   : 2.49171e+14

Final set of parameters            Asymptotic Standard Error
=======================            ==========================

m               = 167.924          +/- 0.2829       (0.1685%)
c               = 0.99325          +/- 2.364e+06    (2.38e+08%)


correlation matrix of the fit parameters:

               m      c      
m               1.000 
c              -0.329  1.000 


*******************************************************************************
Sun Mar 22 13:24:09 2015


FIT:    data read from "./PVminusNKTvsN" u 5:6
        format = x:z
        #datapoints = 50
        residuals are weighted equally (unit weight)

function used for fitting: f(x)
fitted parameters initialized with current variable values



 Iteration 0
 WSSR        : 9.74958e+19       delta(WSSR)/WSSR   : 0
 delta(WSSR) : 0                 limit for stopping : 1e-05
 lambda	  : 5.96803e+06

initial set of free parameter values

m               = 1
c               = 1

After 3 iterations the fit converged.
final sum of squares of residuals : 9.85078e+13
rel. change during last iteration : -9.70037e-07

degrees of freedom    (FIT_NDF)                        : 48
rms of residuals      (FIT_STDFIT) = sqrt(WSSR/ndf)    : 1.43257e+06
variance of residuals (reduced chisquare) = WSSR/ndf   : 2.05225e+12

Final set of parameters            Asymptotic Standard Error
=======================            ==========================

m               = 166.448          +/- 0.02541      (0.01527%)
c               = 1.00034          +/- 2.145e+05    (2.144e+07%)


correlation matrix of the fit parameters:

               m      c      
m               1.000 
c              -0.328  1.000 


*******************************************************************************
Sun Mar 22 13:33:56 2015


FIT:    data read from "./PVminusNKTvsN" u 5:6
        format = x:z
	y range restricted to [-123186. : 5.88420e+06]
        #datapoints = 44
        residuals are weighted equally (unit weight)

function used for fitting: f(x)
fitted parameters initialized with current variable values



 Iteration 0
 WSSR        : 5.57369e+12       delta(WSSR)/WSSR   : 0
 delta(WSSR) : 0                 limit for stopping : 1e-05
 lambda	  : 684367

initial set of free parameter values

m               = 166.448
c               = 1.00034

After 3 iterations the fit converged.
final sum of squares of residuals : 3.26391e+12
rel. change during last iteration : -1.11694e-08

degrees of freedom    (FIT_NDF)                        : 42
rms of residuals      (FIT_STDFIT) = sqrt(WSSR/ndf)    : 278769
variance of residuals (reduced chisquare) = WSSR/ndf   : 7.7712e+10

Final set of parameters            Asymptotic Standard Error
=======================            ==========================

m               = 166.685          +/- 0.04642      (0.02785%)
c               = 1.02026          +/- 4.493e+04    (4.404e+06%)


correlation matrix of the fit parameters:

               m      c      
m               1.000 
c              -0.354  1.000 


*******************************************************************************
Sun Mar 22 13:37:23 2015


FIT:    data read from "./PVminusNKTvsN" u 5:6
        format = x:z
	y range restricted to [-123186. : 5.88420e+06]
        #datapoints = 44
        residuals are weighted equally (unit weight)

function used for fitting: f(x)
fitted parameters initialized with current variable values



 Iteration 0
 WSSR        : 3.26391e+12       delta(WSSR)/WSSR   : 0
 delta(WSSR) : 0                 limit for stopping : 1e-05
 lambda	  : 684367

initial set of free parameter values

m               = 166.685
c               = 1.02026

After 1 iterations the fit converged.
final sum of squares of residuals : 3.26391e+12
rel. change during last iteration : -1.05648e-12

degrees of freedom    (FIT_NDF)                        : 42
rms of residuals      (FIT_STDFIT) = sqrt(WSSR/ndf)    : 278769
variance of residuals (reduced chisquare) = WSSR/ndf   : 7.7712e+10

Final set of parameters            Asymptotic Standard Error
=======================            ==========================

m               = 166.685          +/- 0.04642      (0.02785%)
c               = 1.02026          +/- 4.493e+04    (4.404e+06%)


correlation matrix of the fit parameters:

               m      c      
m               1.000 
c              -0.354  1.000 


*******************************************************************************
Sun Mar 22 13:37:48 2015


FIT:    data read from "./PVminusNKTvsN" u 5:6
        format = x:z
	y range restricted to [-123186. : 5.88420e+06]
        #datapoints = 44
        residuals are weighted equally (unit weight)

function used for fitting: f(x)
fitted parameters initialized with current variable values



 Iteration 0
 WSSR        : 3.26391e+12       delta(WSSR)/WSSR   : 0
 delta(WSSR) : 0                 limit for stopping : 1e-05
 lambda	  : 684367

initial set of free parameter values

m               = 166.685
c               = 1.02026

After 1 iterations the fit converged.
final sum of squares of residuals : 3.26391e+12
rel. change during last iteration : -1.20249e-12

degrees of freedom    (FIT_NDF)                        : 42
rms of residuals      (FIT_STDFIT) = sqrt(WSSR/ndf)    : 278769
variance of residuals (reduced chisquare) = WSSR/ndf   : 7.7712e+10

Final set of parameters            Asymptotic Standard Error
=======================            ==========================

m               = 166.685          +/- 0.04642      (0.02785%)
c               = 1.02027          +/- 4.493e+04    (4.404e+06%)


correlation matrix of the fit parameters:

               m      c      
m               1.000 
c              -0.354  1.000 


*******************************************************************************
Tue Apr 14 02:15:03 2015


FIT:    data read from 'PVminusNKTvsN' u 5:6
        format = x:z
        x range restricted to [-9177.54 : 10178.5]
        #datapoints = 21
        residuals are weighted equally (unit weight)

function used for fitting: y(x)
fitted parameters initialized with current variable values



 Iteration 0
 WSSR        : 1.02392e+06       delta(WSSR)/WSSR   : 0
 delta(WSSR) : 0                 limit for stopping : 1e-05
 lambda	  : 1900.53

initial set of free parameter values

m               = 1
c               = 1

After 6 iterations the fit converged.
final sum of squares of residuals : 287739
rel. change during last iteration : -2.5101e-07

degrees of freedom    (FIT_NDF)                        : 19
rms of residuals      (FIT_STDFIT) = sqrt(WSSR/ndf)    : 123.062
variance of residuals (reduced chisquare) = WSSR/ndf   : 15144.2

Final set of parameters            Asymptotic Standard Error
=======================            ==========================

m               = 0.981033         +/- 0.01183      (1.205%)
c               = -153.938         +/- 31.79        (20.65%)


correlation matrix of the fit parameters:

               m      c      
m               1.000 
c              -0.535  1.000 
